0 info it worked if it ends with ok
1 verbose cli [ '/usr/local/Cellar/node/0.10.22/bin/node',
1 verbose cli   '/usr/local/bin/npm',
1 verbose cli   'start' ]
2 info using npm@1.3.14
3 info using node@v0.10.22
4 verbose run-script [ 'prestart', 'start', 'poststart' ]
5 info prestart ionic-project@1.0.0
6 info start ionic-project@1.0.0
7 verbose unsafe-perm in lifecycle true
8 info ionic-project@1.0.0 Failed to exec start script
9 error ionic-project@1.0.0 start: `node ./lib/index.js`
9 error Exit status 8
10 error Failed at the ionic-project@1.0.0 start script.
10 error This is most likely a problem with the ionic-project package,
10 error not with npm itself.
10 error Tell the author that this fails on your system:
10 error     node ./lib/index.js
10 error You can get their info via:
10 error     npm owner ls ionic-project
10 error There is likely additional logging output above.
11 error System Darwin 13.2.0
12 error command "/usr/local/Cellar/node/0.10.22/bin/node" "/usr/local/bin/npm" "start"
13 error cwd /Users/dh/Dropbox/master_personal/code_dh/scripts/Hack Reactor/hackathons/simpleDialer
14 error node -v v0.10.22
15 error npm -v 1.3.14
16 error code ELIFECYCLE
17 verbose exit [ 1, true ]
