objc[5612]: Class AXEmojiUtilities is implemented in both /Applications/Xcode.app/Contents/Developer/Platforms/iPhoneSimulator.platform/Developer/SDKs/iPhoneSimulator7.1.sdk/System/Library/PrivateFrameworks/AccessibilityUtilities.framework/AccessibilityUtilities and /Applications/Xcode.app/Contents/Developer/Platforms/iPhoneSimulator.platform/Developer/SDKs/iPhoneSimulator7.1.sdk/usr/lib/libAXSpeechManager.dylib. One of the two will be used. Which one is undefined.
2014-07-15 11:02:22.059 HelloCordova[5612:70b] Cannot find executable for CFBundle 0xa67eff0 </Applications/Xcode.app/Contents/Developer/Platforms/iPhoneSimulator.platform/Developer/SDKs/iPhoneSimulator7.1.sdk/System/Library/AccessibilityBundles/CertUIFramework.axbundle> (not loaded)
2014-07-15 11:02:22.064 HelloCordova[5612:70b] Cannot find executable for CFBundle 0xa699430 </Applications/Xcode.app/Contents/Developer/Platforms/iPhoneSimulator.platform/Developer/SDKs/iPhoneSimulator7.1.sdk/System/Library/AccessibilityBundles/GeoServices.axbundle> (not loaded)
2014-07-15 11:02:22.095 HelloCordova[5612:70b] Multi-tasking -> Device: YES, App: YES
2014-07-15 11:02:22.126 HelloCordova[5612:70b] Unlimited access to network resources
2014-07-15 11:02:22.284 HelloCordova[5612:70b] CDVPlugin class IonicKeyboard (pluginName: keyboard) does not exist.
2014-07-15 11:02:22.285 HelloCordova[5612:70b] [CDVTimer][keyboard] 0.530005ms
2014-07-15 11:02:22.291 HelloCordova[5612:70b] CDVPlugin class CDVStatusBar (pluginName: statusbar) does not exist.
2014-07-15 11:02:22.294 HelloCordova[5612:70b] [CDVTimer][statusbar] 3.573000ms
2014-07-15 11:02:22.295 HelloCordova[5612:70b] [CDVTimer][TotalPluginStartup] 10.876000ms
2014-07-15 11:02:22.654 HelloCordova[5612:70b] Resetting plugins due to page load.
2014-07-15 11:02:23.308 HelloCordova[5612:70b] Finished load of: file:///Users/kiafathi/Library/Application%20Support/iPhone%20Simulator/7.1/Applications/CEB34C1E-5B23-4DEC-B788-BDF069EC5EC3/HelloCordova.app/www/index.html#/app/main/settings
2014-07-15 11:02:23.765 HelloCordova[5612:70b] CDVPlugin class CDVDevice (pluginName: Device) does not exist.
2014-07-15 11:02:23.765 HelloCordova[5612:70b] ERROR: Plugin 'Device' not found, or is not a CDVPlugin. Check your plugin mapping in config.xml.
2014-07-15 11:02:23.766 HelloCordova[5612:70b] -[CDVCommandQueue executePending] [Line 158] FAILED pluginJSON = [
  "Device1007174217",
  "Device",
  "getDeviceInfo",
  [

  ]
]
2014-07-15 11:02:29.744 HelloCordova[5612:70b] CDVPlugin class CDVContacts (pluginName: Contacts) does not exist.
2014-07-15 11:02:29.744 HelloCordova[5612:70b] ERROR: Plugin 'Contacts' not found, or is not a CDVPlugin. Check your plugin mapping in config.xml.
2014-07-15 11:02:29.745 HelloCordova[5612:70b] -[CDVCommandQueue executePending] [Line 158] FAILED pluginJSON = [
  "Contacts1007174218",
  "Contacts",
  "search",
  [
    [
      "id",
      "displayName"
    ],
    {

    }
  ]
]
2014-07-15 11:02:59.024 HelloCordova[5612:70b] CDVPlugin class CDVContacts (pluginName: Contacts) does not exist.
2014-07-15 11:02:59.025 HelloCordova[5612:70b] ERROR: Plugin 'Contacts' not found, or is not a CDVPlugin. Check your plugin mapping in config.xml.
2014-07-15 11:02:59.026 HelloCordova[5612:70b] -[CDVCommandQueue executePending] [Line 158] FAILED pluginJSON = [
  "Contacts1007174219",
  "Contacts",
  "search",
  [
    [
      "id",
      "displayName"
    ],
    {

    }
  ]
]
2014-07-15 11:03:00.734 HelloCordova[5612:70b] CDVPlugin class CDVContacts (pluginName: Contacts) does not exist.
2014-07-15 11:03:00.735 HelloCordova[5612:70b] ERROR: Plugin 'Contacts' not found, or is not a CDVPlugin. Check your plugin mapping in config.xml.
2014-07-15 11:03:00.735 HelloCordova[5612:70b] -[CDVCommandQueue executePending] [Line 158] FAILED pluginJSON = [
  "Contacts1007174220",
  "Contacts",
  "search",
  [
    [
      "id",
      "displayName"
    ],
    {

    }
  ]
]
Terminating in response to SpringBoard's termination.
